2026-04-06 15:19:37 [INFO] - App stopping → shutting down scheduler
2026-04-06 15:19:37 [INFO] [AppInitializer] - App started → initializing scheduler and Redis cache
2026-04-06 15:19:37 [INFO] [AppInitializer] - Redis: index 'idx:movieDetails' ensured
2026-04-06 15:19:37 [INFO] [AppInitializer] - MySQL: loaded 16 movieDetails
2026-04-06 15:19:37 [INFO] [AppInitializer] - Redis: bulk loaded 16 movieDetails (upsert-only)
2026-04-06 15:19:37 [INFO] [AppInitializer] - Redis: index 'idx:theatres' ensured
2026-04-06 15:19:37 [INFO] [AppInitializer] - MySQL: loaded 6 theatres
2026-04-06 15:19:37 [INFO] [AppInitializer] - Redis: bulk loaded 6 theatres (upsert-only)
2026-04-06 15:19:37 [INFO] [AppInitializer] - Redis: index 'idx:shows' ensured
2026-04-06 15:19:37 [INFO] [AppInitializer] - MySQL: loaded 19 shows
2026-04-06 15:19:37 [INFO] [AppInitializer] - Redis: bulk loaded 19 shows (upsert-only)
2026-04-06 15:48:08 [INFO] [AppInitializer] - App stopping → shutting down scheduler
2026-04-06 15:48:08 [INFO] [AppInitializer] - App started → initializing scheduler and Redis cache
2026-04-06 15:48:08 [INFO] [AppInitializer] - Redis: index 'idx:movieDetails' ensured
2026-04-06 15:48:08 [INFO] [AppInitializer] - MySQL: loaded 16 movieDetails
2026-04-06 15:48:08 [INFO] [AppInitializer] - Redis: bulk loaded 16 movieDetails (upsert-only)
2026-04-06 15:48:08 [INFO] [AppInitializer] - Redis: index 'idx:theatres' ensured
2026-04-06 15:48:08 [INFO] [AppInitializer] - MySQL: loaded 6 theatres
2026-04-06 15:48:08 [INFO] [AppInitializer] - Redis: bulk loaded 6 theatres (upsert-only)
2026-04-06 15:48:08 [INFO] [AppInitializer] - Redis: index 'idx:shows' ensured
2026-04-06 15:48:08 [INFO] [AppInitializer] - MySQL: loaded 19 shows
2026-04-06 15:48:08 [INFO] [AppInitializer] - Redis: bulk loaded 19 shows (upsert-only)
2026-04-06 15:48:22 [INFO] [AppInitializer] - App started → initializing scheduler and Redis cache
2026-04-06 15:48:22 [INFO] [AppInitializer] - Redis: index 'idx:movieDetails' ensured
2026-04-06 15:48:22 [INFO] [AppInitializer] - MySQL: loaded 16 movieDetails
2026-04-06 15:48:22 [INFO] [AppInitializer] - Redis: bulk loaded 16 movieDetails (upsert-only)
2026-04-06 15:48:22 [INFO] [AppInitializer] - Redis: index 'idx:theatres' ensured
2026-04-06 15:48:22 [INFO] [AppInitializer] - MySQL: loaded 6 theatres
2026-04-06 15:48:22 [INFO] [AppInitializer] - Redis: bulk loaded 6 theatres (upsert-only)
2026-04-06 15:48:22 [INFO] [AppInitializer] - Redis: index 'idx:shows' ensured
2026-04-06 15:48:22 [INFO] [AppInitializer] - MySQL: loaded 19 shows
2026-04-06 15:48:22 [INFO] [AppInitializer] - Redis: bulk loaded 19 shows (upsert-only)
