10-Apr-2026 12:58:38.852 INFO [commons-pool-evictor] org.apache.catalina.loader.WebappClassLoaderBase.checkStateForResourceLoading Illegal access: this web application instance has been stopped already. Could not load [org.apache.commons.pool2.impl.LinkedBlockingDeque$1]. The following stack trace is thrown for debugging purposes as well as to attempt to terminate the thread which caused the illegal access.
	java.lang.IllegalStateException: Illegal access: this web application instance has been stopped already. Could not load [org.apache.commons.pool2.impl.LinkedBlockingDeque$1]. The following stack trace is thrown for debugging purposes as well as to attempt to terminate the thread which caused the illegal access.
		at org.apache.catalina.loader.WebappClassLoaderBase.checkStateForResourceLoading(WebappClassLoaderBase.java:1396)
		at org.apache.catalina.loader.WebappClassLoaderBase.checkStateForClassLoading(WebappClassLoaderBase.java:1385)
		at org.apache.catalina.loader.WebappClassLoaderBase.loadClass(WebappClassLoaderBase.java:1219)
		at org.apache.catalina.loader.WebappClassLoaderBase.loadClass(WebappClassLoaderBase.java:1186)
		at org.apache.commons.pool2.impl.LinkedBlockingDeque$DescendingItr.<init>(LinkedBlockingDeque.java:224)
		at org.apache.commons.pool2.impl.LinkedBlockingDeque.descendingIterator(LinkedBlockingDeque.java:470)
		at org.apache.commons.pool2.impl.BaseGenericObjectPool$EvictionIterator.<init>(BaseGenericObjectPool.java:81)
		at org.apache.commons.pool2.impl.GenericObjectPool.evict(GenericObjectPool.java:681)
		at org.apache.commons.pool2.impl.BaseGenericObjectPool$Evictor.run(BaseGenericObjectPool.java:162)
		at org.apache.commons.pool2.impl.EvictionTimer$WeakRunner.run(EvictionTimer.java:114)
		at java.base/java.util.concurrent.Executors$RunnableAdapter.call(Executors.java:545)
		at java.base/java.util.concurrent.FutureTask.runAndReset(FutureTask.java:369)
		at java.base/java.util.concurrent.ScheduledThreadPoolExecutor$ScheduledFutureTask.run(ScheduledThreadPoolExecutor.java:310)
		at java.base/java.util.concurrent.ThreadPoolExecutor.runWorker(ThreadPoolExecutor.java:1090)
		at java.base/java.util.concurrent.ThreadPoolExecutor$Worker.run(ThreadPoolExecutor.java:614)
		at java.base/java.lang.Thread.run(Thread.java:1474)
10-Apr-2026 13:47:12.363 INFO [commons-pool-evictor] org.apache.catalina.loader.WebappClassLoaderBase.checkStateForResourceLoading Illegal access: this web application instance has been stopped already. Could not load [org.apache.commons.pool2.impl.LinkedBlockingDeque$1]. The following stack trace is thrown for debugging purposes as well as to attempt to terminate the thread which caused the illegal access.
	java.lang.IllegalStateException: Illegal access: this web application instance has been stopped already. Could not load [org.apache.commons.pool2.impl.LinkedBlockingDeque$1]. The following stack trace is thrown for debugging purposes as well as to attempt to terminate the thread which caused the illegal access.
		at org.apache.catalina.loader.WebappClassLoaderBase.checkStateForResourceLoading(WebappClassLoaderBase.java:1396)
		at org.apache.catalina.loader.WebappClassLoaderBase.checkStateForClassLoading(WebappClassLoaderBase.java:1385)
		at org.apache.catalina.loader.WebappClassLoaderBase.loadClass(WebappClassLoaderBase.java:1219)
		at org.apache.catalina.loader.WebappClassLoaderBase.loadClass(WebappClassLoaderBase.java:1186)
		at org.apache.commons.pool2.impl.LinkedBlockingDeque$DescendingItr.<init>(LinkedBlockingDeque.java:224)
		at org.apache.commons.pool2.impl.LinkedBlockingDeque.descendingIterator(LinkedBlockingDeque.java:470)
		at org.apache.commons.pool2.impl.BaseGenericObjectPool$EvictionIterator.<init>(BaseGenericObjectPool.java:81)
		at org.apache.commons.pool2.impl.GenericObjectPool.evict(GenericObjectPool.java:681)
		at org.apache.commons.pool2.impl.BaseGenericObjectPool$Evictor.run(BaseGenericObjectPool.java:162)
		at org.apache.commons.pool2.impl.EvictionTimer$WeakRunner.run(EvictionTimer.java:114)
		at java.base/java.util.concurrent.Executors$RunnableAdapter.call(Executors.java:545)
		at java.base/java.util.concurrent.FutureTask.runAndReset(FutureTask.java:369)
		at java.base/java.util.concurrent.ScheduledThreadPoolExecutor$ScheduledFutureTask.run(ScheduledThreadPoolExecutor.java:310)
		at java.base/java.util.concurrent.ThreadPoolExecutor.runWorker(ThreadPoolExecutor.java:1090)
		at java.base/java.util.concurrent.ThreadPoolExecutor$Worker.run(ThreadPoolExecutor.java:614)
		at java.base/java.lang.Thread.run(Thread.java:1474)
10-Apr-2026 15:36:48.410 INFO [commons-pool-evictor] org.apache.catalina.loader.WebappClassLoaderBase.checkStateForResourceLoading Illegal access: this web application instance has been stopped already. Could not load [org.apache.commons.pool2.impl.LinkedBlockingDeque$1]. The following stack trace is thrown for debugging purposes as well as to attempt to terminate the thread which caused the illegal access.
	java.lang.IllegalStateException: Illegal access: this web application instance has been stopped already. Could not load [org.apache.commons.pool2.impl.LinkedBlockingDeque$1]. The following stack trace is thrown for debugging purposes as well as to attempt to terminate the thread which caused the illegal access.
		at org.apache.catalina.loader.WebappClassLoaderBase.checkStateForResourceLoading(WebappClassLoaderBase.java:1396)
		at org.apache.catalina.loader.WebappClassLoaderBase.checkStateForClassLoading(WebappClassLoaderBase.java:1385)
		at org.apache.catalina.loader.WebappClassLoaderBase.loadClass(WebappClassLoaderBase.java:1219)
		at org.apache.catalina.loader.WebappClassLoaderBase.loadClass(WebappClassLoaderBase.java:1186)
		at org.apache.commons.pool2.impl.LinkedBlockingDeque$DescendingItr.<init>(LinkedBlockingDeque.java:224)
		at org.apache.commons.pool2.impl.LinkedBlockingDeque.descendingIterator(LinkedBlockingDeque.java:470)
		at org.apache.commons.pool2.impl.BaseGenericObjectPool$EvictionIterator.<init>(BaseGenericObjectPool.java:81)
		at org.apache.commons.pool2.impl.GenericObjectPool.evict(GenericObjectPool.java:681)
		at org.apache.commons.pool2.impl.BaseGenericObjectPool$Evictor.run(BaseGenericObjectPool.java:162)
		at org.apache.commons.pool2.impl.EvictionTimer$WeakRunner.run(EvictionTimer.java:114)
		at java.base/java.util.concurrent.Executors$RunnableAdapter.call(Executors.java:545)
		at java.base/java.util.concurrent.FutureTask.runAndReset(FutureTask.java:369)
		at java.base/java.util.concurrent.ScheduledThreadPoolExecutor$ScheduledFutureTask.run(ScheduledThreadPoolExecutor.java:310)
		at java.base/java.util.concurrent.ThreadPoolExecutor.runWorker(ThreadPoolExecutor.java:1090)
		at java.base/java.util.concurrent.ThreadPoolExecutor$Worker.run(ThreadPoolExecutor.java:614)
		at java.base/java.lang.Thread.run(Thread.java:1474)
10-Apr-2026 16:18:27.087 INFO [commons-pool-evictor] org.apache.catalina.loader.WebappClassLoaderBase.checkStateForResourceLoading Illegal access: this web application instance has been stopped already. Could not load [org.apache.commons.pool2.impl.LinkedBlockingDeque$1]. The following stack trace is thrown for debugging purposes as well as to attempt to terminate the thread which caused the illegal access.
	java.lang.IllegalStateException: Illegal access: this web application instance has been stopped already. Could not load [org.apache.commons.pool2.impl.LinkedBlockingDeque$1]. The following stack trace is thrown for debugging purposes as well as to attempt to terminate the thread which caused the illegal access.
		at org.apache.catalina.loader.WebappClassLoaderBase.checkStateForResourceLoading(WebappClassLoaderBase.java:1396)
		at org.apache.catalina.loader.WebappClassLoaderBase.checkStateForClassLoading(WebappClassLoaderBase.java:1385)
		at org.apache.catalina.loader.WebappClassLoaderBase.loadClass(WebappClassLoaderBase.java:1219)
		at org.apache.catalina.loader.WebappClassLoaderBase.loadClass(WebappClassLoaderBase.java:1186)
		at org.apache.commons.pool2.impl.LinkedBlockingDeque$DescendingItr.<init>(LinkedBlockingDeque.java:224)
		at org.apache.commons.pool2.impl.LinkedBlockingDeque.descendingIterator(LinkedBlockingDeque.java:470)
		at org.apache.commons.pool2.impl.BaseGenericObjectPool$EvictionIterator.<init>(BaseGenericObjectPool.java:81)
		at org.apache.commons.pool2.impl.GenericObjectPool.evict(GenericObjectPool.java:681)
		at org.apache.commons.pool2.impl.BaseGenericObjectPool$Evictor.run(BaseGenericObjectPool.java:162)
		at org.apache.commons.pool2.impl.EvictionTimer$WeakRunner.run(EvictionTimer.java:114)
		at java.base/java.util.concurrent.Executors$RunnableAdapter.call(Executors.java:545)
		at java.base/java.util.concurrent.FutureTask.runAndReset(FutureTask.java:369)
		at java.base/java.util.concurrent.ScheduledThreadPoolExecutor$ScheduledFutureTask.run(ScheduledThreadPoolExecutor.java:310)
		at java.base/java.util.concurrent.ThreadPoolExecutor.runWorker(ThreadPoolExecutor.java:1090)
		at java.base/java.util.concurrent.ThreadPoolExecutor$Worker.run(ThreadPoolExecutor.java:614)
		at java.base/java.lang.Thread.run(Thread.java:1474)
10-Apr-2026 16:35:48.068 INFO [commons-pool-evictor] org.apache.catalina.loader.WebappClassLoaderBase.checkStateForResourceLoading Illegal access: this web application instance has been stopped already. Could not load [org.apache.commons.pool2.impl.LinkedBlockingDeque$1]. The following stack trace is thrown for debugging purposes as well as to attempt to terminate the thread which caused the illegal access.
	java.lang.IllegalStateException: Illegal access: this web application instance has been stopped already. Could not load [org.apache.commons.pool2.impl.LinkedBlockingDeque$1]. The following stack trace is thrown for debugging purposes as well as to attempt to terminate the thread which caused the illegal access.
		at org.apache.catalina.loader.WebappClassLoaderBase.checkStateForResourceLoading(WebappClassLoaderBase.java:1396)
		at org.apache.catalina.loader.WebappClassLoaderBase.checkStateForClassLoading(WebappClassLoaderBase.java:1385)
		at org.apache.catalina.loader.WebappClassLoaderBase.loadClass(WebappClassLoaderBase.java:1219)
		at org.apache.catalina.loader.WebappClassLoaderBase.loadClass(WebappClassLoaderBase.java:1186)
		at org.apache.commons.pool2.impl.LinkedBlockingDeque$DescendingItr.<init>(LinkedBlockingDeque.java:224)
		at org.apache.commons.pool2.impl.LinkedBlockingDeque.descendingIterator(LinkedBlockingDeque.java:470)
		at org.apache.commons.pool2.impl.BaseGenericObjectPool$EvictionIterator.<init>(BaseGenericObjectPool.java:81)
		at org.apache.commons.pool2.impl.GenericObjectPool.evict(GenericObjectPool.java:681)
		at org.apache.commons.pool2.impl.BaseGenericObjectPool$Evictor.run(BaseGenericObjectPool.java:162)
		at org.apache.commons.pool2.impl.EvictionTimer$WeakRunner.run(EvictionTimer.java:114)
		at java.base/java.util.concurrent.Executors$RunnableAdapter.call(Executors.java:545)
		at java.base/java.util.concurrent.FutureTask.runAndReset(FutureTask.java:369)
		at java.base/java.util.concurrent.ScheduledThreadPoolExecutor$ScheduledFutureTask.run(ScheduledThreadPoolExecutor.java:310)
		at java.base/java.util.concurrent.ThreadPoolExecutor.runWorker(ThreadPoolExecutor.java:1090)
		at java.base/java.util.concurrent.ThreadPoolExecutor$Worker.run(ThreadPoolExecutor.java:614)
		at java.base/java.lang.Thread.run(Thread.java:1474)
