27-Mar-2026 16:18:31.028 SEVERE [Catalina-utility-1] org.apache.catalina.core.StandardContext.listenerStart Error configuring application listener of class [org.nk.listener.AppInitializer]
	java.lang.ClassNotFoundException: org.nk.listener.AppInitializer
		at org.apache.catalina.loader.WebappClassLoaderBase.loadClass(WebappClassLoaderBase.java:1377)
		at org.apache.catalina.loader.WebappClassLoaderBase.loadClass(WebappClassLoaderBase.java:1186)
		at org.apache.catalina.core.DefaultInstanceManager.loadClass(DefaultInstanceManager.java:487)
		at org.apache.catalina.core.DefaultInstanceManager.loadClassMaybePrivileged(DefaultInstanceManager.java:469)
		at org.apache.catalina.core.DefaultInstanceManager.newInstance(DefaultInstanceManager.java:143)
		at org.apache.catalina.core.StandardContext.listenerStart(StandardContext.java:3961)
		at org.apache.catalina.core.StandardContext.startInternal(StandardContext.java:4462)
		at org.apache.catalina.util.LifecycleBase.start(LifecycleBase.java:164)
		at org.apache.catalina.core.ContainerBase.addChildInternal(ContainerBase.java:597)
		at org.apache.catalina.core.ContainerBase.addChild(ContainerBase.java:569)
		at org.apache.catalina.core.StandardHost.addChild(StandardHost.java:665)
		at org.apache.catalina.startup.HostConfig.deployWAR(HostConfig.java:962)
		at org.apache.catalina.startup.HostConfig$DeployWar.run(HostConfig.java:1900)
		at java.base/java.util.concurrent.Executors$RunnableAdapter.call(Executors.java:545)
		at java.base/java.util.concurrent.FutureTask.run(FutureTask.java:328)
		at org.apache.tomcat.util.threads.InlineExecutorService.execute(InlineExecutorService.java:81)
		at java.base/java.util.concurrent.AbstractExecutorService.submit(AbstractExecutorService.java:125)
		at org.apache.catalina.startup.HostConfig.deployWARs(HostConfig.java:766)
		at org.apache.catalina.startup.HostConfig.deployApps(HostConfig.java:417)
		at org.apache.catalina.startup.HostConfig.check(HostConfig.java:1667)
		at org.apache.catalina.startup.HostConfig.lifecycleEvent(HostConfig.java:296)
		at org.apache.catalina.util.LifecycleBase.fireLifecycleEvent(LifecycleBase.java:109)
		at org.apache.catalina.core.ContainerBase.backgroundProcess(ContainerBase.java:971)
		at org.apache.catalina.core.ContainerBase$ContainerBackgroundProcessor.processChildren(ContainerBase.java:1170)
		at org.apache.catalina.core.ContainerBase$ContainerBackgroundProcessor.processChildren(ContainerBase.java:1174)
		at org.apache.catalina.core.ContainerBase$ContainerBackgroundProcessor.run(ContainerBase.java:1152)
		at java.base/java.util.concurrent.Executors$RunnableAdapter.call(Executors.java:545)
		at java.base/java.util.concurrent.FutureTask.runAndReset(FutureTask.java:369)
		at java.base/java.util.concurrent.ScheduledThreadPoolExecutor$ScheduledFutureTask.run(ScheduledThreadPoolExecutor.java:310)
		at java.base/java.util.concurrent.ThreadPoolExecutor.runWorker(ThreadPoolExecutor.java:1090)
		at java.base/java.util.concurrent.ThreadPoolExecutor$Worker.run(ThreadPoolExecutor.java:614)
		at org.apache.tomcat.util.threads.TaskThread$WrappingRunnable.run(TaskThread.java:63)
		at java.base/java.lang.Thread.run(Thread.java:1474)
27-Mar-2026 16:18:31.028 SEVERE [Catalina-utility-1] org.apache.catalina.core.StandardContext.listenerStart Skipped installing application listeners due to previous error(s)
27-Mar-2026 16:20:01.287 SEVERE [Catalina-utility-1] org.apache.catalina.core.StandardContext.listenerStart Error configuring application listener of class [org.nk.listener.AppInitializer]
	java.lang.ClassNotFoundException: org.nk.listener.AppInitializer
		at org.apache.catalina.loader.WebappClassLoaderBase.loadClass(WebappClassLoaderBase.java:1377)
		at org.apache.catalina.loader.WebappClassLoaderBase.loadClass(WebappClassLoaderBase.java:1186)
		at org.apache.catalina.core.DefaultInstanceManager.loadClass(DefaultInstanceManager.java:487)
		at org.apache.catalina.core.DefaultInstanceManager.loadClassMaybePrivileged(DefaultInstanceManager.java:469)
		at org.apache.catalina.core.DefaultInstanceManager.newInstance(DefaultInstanceManager.java:143)
		at org.apache.catalina.core.StandardContext.listenerStart(StandardContext.java:3961)
		at org.apache.catalina.core.StandardContext.startInternal(StandardContext.java:4462)
		at org.apache.catalina.util.LifecycleBase.start(LifecycleBase.java:164)
		at org.apache.catalina.core.ContainerBase.addChildInternal(ContainerBase.java:597)
		at org.apache.catalina.core.ContainerBase.addChild(ContainerBase.java:569)
		at org.apache.catalina.core.StandardHost.addChild(StandardHost.java:665)
		at org.apache.catalina.startup.HostConfig.deployWAR(HostConfig.java:962)
		at org.apache.catalina.startup.HostConfig$DeployWar.run(HostConfig.java:1900)
		at java.base/java.util.concurrent.Executors$RunnableAdapter.call(Executors.java:545)
		at java.base/java.util.concurrent.FutureTask.run(FutureTask.java:328)
		at org.apache.tomcat.util.threads.InlineExecutorService.execute(InlineExecutorService.java:81)
		at java.base/java.util.concurrent.AbstractExecutorService.submit(AbstractExecutorService.java:125)
		at org.apache.catalina.startup.HostConfig.deployWARs(HostConfig.java:766)
		at org.apache.catalina.startup.HostConfig.deployApps(HostConfig.java:417)
		at org.apache.catalina.startup.HostConfig.check(HostConfig.java:1667)
		at org.apache.catalina.startup.HostConfig.lifecycleEvent(HostConfig.java:296)
		at org.apache.catalina.util.LifecycleBase.fireLifecycleEvent(LifecycleBase.java:109)
		at org.apache.catalina.core.ContainerBase.backgroundProcess(ContainerBase.java:971)
		at org.apache.catalina.core.ContainerBase$ContainerBackgroundProcessor.processChildren(ContainerBase.java:1170)
		at org.apache.catalina.core.ContainerBase$ContainerBackgroundProcessor.processChildren(ContainerBase.java:1174)
		at org.apache.catalina.core.ContainerBase$ContainerBackgroundProcessor.run(ContainerBase.java:1152)
		at java.base/java.util.concurrent.Executors$RunnableAdapter.call(Executors.java:545)
		at java.base/java.util.concurrent.FutureTask.runAndReset(FutureTask.java:369)
		at java.base/java.util.concurrent.ScheduledThreadPoolExecutor$ScheduledFutureTask.run(ScheduledThreadPoolExecutor.java:310)
		at java.base/java.util.concurrent.ThreadPoolExecutor.runWorker(ThreadPoolExecutor.java:1090)
		at java.base/java.util.concurrent.ThreadPoolExecutor$Worker.run(ThreadPoolExecutor.java:614)
		at org.apache.tomcat.util.threads.TaskThread$WrappingRunnable.run(TaskThread.java:63)
		at java.base/java.lang.Thread.run(Thread.java:1474)
27-Mar-2026 16:20:01.287 SEVERE [Catalina-utility-1] org.apache.catalina.core.StandardContext.listenerStart Skipped installing application listeners due to previous error(s)
27-Mar-2026 16:22:01.740 SEVERE [Catalina-utility-1] org.apache.catalina.core.StandardContext.listenerStart Error configuring application listener of class [org.nk.listener.AppInitializer]
	java.lang.ClassNotFoundException: org.nk.listener.AppInitializer
		at org.apache.catalina.loader.WebappClassLoaderBase.loadClass(WebappClassLoaderBase.java:1377)
		at org.apache.catalina.loader.WebappClassLoaderBase.loadClass(WebappClassLoaderBase.java:1186)
		at org.apache.catalina.core.DefaultInstanceManager.loadClass(DefaultInstanceManager.java:487)
		at org.apache.catalina.core.DefaultInstanceManager.loadClassMaybePrivileged(DefaultInstanceManager.java:469)
		at org.apache.catalina.core.DefaultInstanceManager.newInstance(DefaultInstanceManager.java:143)
		at org.apache.catalina.core.StandardContext.listenerStart(StandardContext.java:3961)
		at org.apache.catalina.core.StandardContext.startInternal(StandardContext.java:4462)
		at org.apache.catalina.util.LifecycleBase.start(LifecycleBase.java:164)
		at org.apache.catalina.core.ContainerBase.addChildInternal(ContainerBase.java:597)
		at org.apache.catalina.core.ContainerBase.addChild(ContainerBase.java:569)
		at org.apache.catalina.core.StandardHost.addChild(StandardHost.java:665)
		at org.apache.catalina.startup.HostConfig.deployWAR(HostConfig.java:962)
		at org.apache.catalina.startup.HostConfig$DeployWar.run(HostConfig.java:1900)
		at java.base/java.util.concurrent.Executors$RunnableAdapter.call(Executors.java:545)
		at java.base/java.util.concurrent.FutureTask.run(FutureTask.java:328)
		at org.apache.tomcat.util.threads.InlineExecutorService.execute(InlineExecutorService.java:81)
		at java.base/java.util.concurrent.AbstractExecutorService.submit(AbstractExecutorService.java:125)
		at org.apache.catalina.startup.HostConfig.deployWARs(HostConfig.java:766)
		at org.apache.catalina.startup.HostConfig.deployApps(HostConfig.java:417)
		at org.apache.catalina.startup.HostConfig.check(HostConfig.java:1667)
		at org.apache.catalina.startup.HostConfig.lifecycleEvent(HostConfig.java:296)
		at org.apache.catalina.util.LifecycleBase.fireLifecycleEvent(LifecycleBase.java:109)
		at org.apache.catalina.core.ContainerBase.backgroundProcess(ContainerBase.java:971)
		at org.apache.catalina.core.ContainerBase$ContainerBackgroundProcessor.processChildren(ContainerBase.java:1170)
		at org.apache.catalina.core.ContainerBase$ContainerBackgroundProcessor.processChildren(ContainerBase.java:1174)
		at org.apache.catalina.core.ContainerBase$ContainerBackgroundProcessor.run(ContainerBase.java:1152)
		at java.base/java.util.concurrent.Executors$RunnableAdapter.call(Executors.java:545)
		at java.base/java.util.concurrent.FutureTask.runAndReset(FutureTask.java:369)
		at java.base/java.util.concurrent.ScheduledThreadPoolExecutor$ScheduledFutureTask.run(ScheduledThreadPoolExecutor.java:310)
		at java.base/java.util.concurrent.ThreadPoolExecutor.runWorker(ThreadPoolExecutor.java:1090)
		at java.base/java.util.concurrent.ThreadPoolExecutor$Worker.run(ThreadPoolExecutor.java:614)
		at org.apache.tomcat.util.threads.TaskThread$WrappingRunnable.run(TaskThread.java:63)
		at java.base/java.lang.Thread.run(Thread.java:1474)
27-Mar-2026 16:22:01.740 SEVERE [Catalina-utility-1] org.apache.catalina.core.StandardContext.listenerStart Skipped installing application listeners due to previous error(s)
27-Mar-2026 16:44:35.047 SEVERE [http-nio-8080-exec-980] org.apache.catalina.core.StandardWrapperValve.invoke Servlet.service() for servlet [DispatcherServlet] in context with path [/api] threw exception
	java.lang.IllegalStateException: java.nio.file.NoSuchFileException: /Users/naveen-nts0470/devhub/bookyourshow/server/webapps/api/WEB-INF/lib/jackson-databind-2.21.1.jar
		at org.apache.catalina.webresources.AbstractSingleArchiveResourceSet.getArchiveEntry(AbstractSingleArchiveResourceSet.java:100)
		at org.apache.catalina.webresources.AbstractArchiveResourceSet.getResource(AbstractArchiveResourceSet.java:250)
		at org.apache.catalina.webresources.StandardRoot.getResourceInternal(StandardRoot.java:273)
		at org.apache.catalina.webresources.Cache.getResource(Cache.java:64)
		at org.apache.catalina.webresources.StandardRoot.getResource(StandardRoot.java:212)
		at org.apache.catalina.webresources.StandardRoot.getClassLoaderResource(StandardRoot.java:221)
		at org.apache.catalina.loader.WebappClassLoaderBase.findClassInternal(WebappClassLoaderBase.java:2238)
		at org.apache.catalina.loader.WebappClassLoaderBase.findClassInternal(WebappClassLoaderBase.java:2224)
		at org.apache.catalina.loader.WebappClassLoaderBase.findClass(WebappClassLoaderBase.java:811)
		at org.apache.catalina.loader.WebappClassLoaderBase.loadClass(WebappClassLoaderBase.java:1338)
		at org.apache.catalina.loader.WebappClassLoaderBase.loadClass(WebappClassLoaderBase.java:1186)
		at com.fasterxml.jackson.databind.util.internal.PrivateMaxEntriesMap$EntryIterator.next(PrivateMaxEntriesMap.java:1073)
		at com.fasterxml.jackson.databind.util.internal.PrivateMaxEntriesMap$EntryIterator.next(PrivateMaxEntriesMap.java:1061)
		at com.fasterxml.jackson.databind.util.LRUMap.contents(LRUMap.java:79)
		at com.fasterxml.jackson.databind.ser.impl.ReadOnlyClassToSerializerMap.<init>(ReadOnlyClassToSerializerMap.java:30)
		at com.fasterxml.jackson.databind.ser.impl.ReadOnlyClassToSerializerMap.from(ReadOnlyClassToSerializerMap.java:52)
		at com.fasterxml.jackson.databind.ser.SerializerCache._makeReadOnlyLookupMap(SerializerCache.java:88)
		at com.fasterxml.jackson.databind.ser.SerializerCache.getReadOnlyLookupMap(SerializerCache.java:80)
		at com.fasterxml.jackson.databind.SerializerProvider.<init>(SerializerProvider.java:242)
		at com.fasterxml.jackson.databind.ser.DefaultSerializerProvider.<init>(DefaultSerializerProvider.java:71)
		at com.fasterxml.jackson.databind.ser.DefaultSerializerProvider$Impl.<init>(DefaultSerializerProvider.java:627)
		at com.fasterxml.jackson.databind.ser.DefaultSerializerProvider$Impl.createInstance(DefaultSerializerProvider.java:645)
		at com.fasterxml.jackson.databind.ser.DefaultSerializerProvider$Impl.createInstance(DefaultSerializerProvider.java:619)
		at com.fasterxml.jackson.databind.ObjectMapper._serializerProvider(ObjectMapper.java:4920)
		at com.fasterxml.jackson.databind.ObjectMapper._writeValueAndClose(ObjectMapper.java:4938)
		at com.fasterxml.jackson.databind.ObjectMapper.writeValue(ObjectMapper.java:4129)
		at org.bookyourshows.core.DispatcherServlet.sendError(DispatcherServlet.java:113)
		at org.bookyourshows.core.DispatcherServlet.service(DispatcherServlet.java:80)
		at jakarta.servlet.http.HttpServlet.service(HttpServlet.java:658)
		at org.apache.catalina.core.ApplicationFilterChain.internalDoFilter(ApplicationFilterChain.java:193)
		at org.apache.catalina.core.ApplicationFilterChain.doFilter(ApplicationFilterChain.java:138)
		at org.apache.tomcat.websocket.server.WsFilter.doFilter(WsFilter.java:51)
		at org.apache.catalina.core.ApplicationFilterChain.internalDoFilter(ApplicationFilterChain.java:162)
		at org.apache.catalina.core.ApplicationFilterChain.doFilter(ApplicationFilterChain.java:138)
		at org.apache.catalina.core.StandardWrapperValve.invoke(StandardWrapperValve.java:165)
		at org.apache.catalina.core.StandardContextValve.invoke(StandardContextValve.java:88)
		at org.apache.catalina.authenticator.AuthenticatorBase.invoke(AuthenticatorBase.java:492)
		at org.apache.catalina.core.StandardHostValve.invoke(StandardHostValve.java:113)
		at org.apache.catalina.valves.ErrorReportValve.invoke(ErrorReportValve.java:83)
		at org.apache.catalina.valves.AbstractAccessLogValve.invoke(AbstractAccessLogValve.java:654)
		at org.apache.catalina.core.StandardEngineValve.invoke(StandardEngineValve.java:72)
		at org.apache.catalina.connector.CoyoteAdapter.service(CoyoteAdapter.java:342)
		at org.apache.coyote.http11.Http11Processor.service(Http11Processor.java:399)
		at org.apache.coyote.AbstractProcessorLight.process(AbstractProcessorLight.java:63)
		at org.apache.coyote.AbstractProtocol$ConnectionHandler.process(AbstractProtocol.java:903)
		at org.apache.tomcat.util.net.NioEndpoint$SocketProcessor.doRun(NioEndpoint.java:1775)
		at org.apache.tomcat.util.net.SocketProcessorBase.run(SocketProcessorBase.java:52)
		at org.apache.tomcat.util.threads.ThreadPoolExecutor.runWorker(ThreadPoolExecutor.java:973)
		at org.apache.tomcat.util.threads.ThreadPoolExecutor$Worker.run(ThreadPoolExecutor.java:491)
		at org.apache.tomcat.util.threads.TaskThread$WrappingRunnable.run(TaskThread.java:63)
		at java.base/java.lang.Thread.run(Thread.java:1474)
	Caused by: java.nio.file.NoSuchFileException: /Users/naveen-nts0470/devhub/bookyourshow/server/webapps/api/WEB-INF/lib/jackson-databind-2.21.1.jar
		at java.base/sun.nio.fs.UnixException.translateToIOException(UnixException.java:92)
		at java.base/sun.nio.fs.UnixException.rethrowAsIOException(UnixException.java:106)
		at java.base/sun.nio.fs.UnixException.rethrowAsIOException(UnixException.java:111)
		at java.base/sun.nio.fs.UnixFileAttributeViews$Basic.readAttributes(UnixFileAttributeViews.java:57)
		at java.base/sun.nio.fs.UnixFileSystemProvider.readAttributes(UnixFileSystemProvider.java:161)
		at java.base/java.nio.file.Files.readAttributes(Files.java:1702)
		at java.base/java.util.zip.ZipFile$Source.get(ZipFile.java:1493)
		at java.base/java.util.zip.ZipFile$CleanableResource.<init>(ZipFile.java:704)
		at java.base/java.util.zip.ZipFile.<init>(ZipFile.java:204)
		at java.base/java.util.zip.ZipFile.<init>(ZipFile.java:150)
		at java.base/java.util.jar.JarFile.<init>(JarFile.java:333)
		at org.apache.catalina.webresources.AbstractArchiveResourceSet.openJarFile(AbstractArchiveResourceSet.java:324)
		at org.apache.catalina.webresources.AbstractSingleArchiveResourceSet.getArchiveEntry(AbstractSingleArchiveResourceSet.java:96)
		... 50 more
27-Mar-2026 17:35:38.552 SEVERE [http-nio-8080-exec-1048] org.apache.catalina.core.StandardWrapperValve.invoke Servlet.service() for servlet [DispatcherServlet] in context with path [/api] threw exception
	java.lang.IllegalStateException: java.nio.file.NoSuchFileException: /Users/naveen-nts0470/devhub/bookyourshow/server/webapps/api/WEB-INF/lib/jackson-databind-2.21.1.jar
		at org.apache.catalina.webresources.AbstractSingleArchiveResourceSet.getArchiveEntry(AbstractSingleArchiveResourceSet.java:100)
		at org.apache.catalina.webresources.AbstractArchiveResourceSet.getResource(AbstractArchiveResourceSet.java:250)
		at org.apache.catalina.webresources.StandardRoot.getResourceInternal(StandardRoot.java:273)
		at org.apache.catalina.webresources.Cache.getResource(Cache.java:64)
		at org.apache.catalina.webresources.StandardRoot.getResource(StandardRoot.java:212)
		at org.apache.catalina.webresources.StandardRoot.getClassLoaderResource(StandardRoot.java:221)
		at org.apache.catalina.loader.WebappClassLoaderBase.findClassInternal(WebappClassLoaderBase.java:2238)
		at org.apache.catalina.loader.WebappClassLoaderBase.findClassInternal(WebappClassLoaderBase.java:2224)
		at org.apache.catalina.loader.WebappClassLoaderBase.findClass(WebappClassLoaderBase.java:811)
		at org.apache.catalina.loader.WebappClassLoaderBase.loadClass(WebappClassLoaderBase.java:1338)
		at org.apache.catalina.loader.WebappClassLoaderBase.loadClass(WebappClassLoaderBase.java:1186)
		at com.fasterxml.jackson.databind.util.internal.PrivateMaxEntriesMap$EntryIterator.next(PrivateMaxEntriesMap.java:1073)
		at com.fasterxml.jackson.databind.util.internal.PrivateMaxEntriesMap$EntryIterator.next(PrivateMaxEntriesMap.java:1061)
		at com.fasterxml.jackson.databind.util.LRUMap.contents(LRUMap.java:79)
		at com.fasterxml.jackson.databind.ser.impl.ReadOnlyClassToSerializerMap.<init>(ReadOnlyClassToSerializerMap.java:30)
		at com.fasterxml.jackson.databind.ser.impl.ReadOnlyClassToSerializerMap.from(ReadOnlyClassToSerializerMap.java:52)
		at com.fasterxml.jackson.databind.ser.SerializerCache._makeReadOnlyLookupMap(SerializerCache.java:88)
		at com.fasterxml.jackson.databind.ser.SerializerCache.getReadOnlyLookupMap(SerializerCache.java:80)
		at com.fasterxml.jackson.databind.SerializerProvider.<init>(SerializerProvider.java:242)
		at com.fasterxml.jackson.databind.ser.DefaultSerializerProvider.<init>(DefaultSerializerProvider.java:71)
		at com.fasterxml.jackson.databind.ser.DefaultSerializerProvider$Impl.<init>(DefaultSerializerProvider.java:627)
		at com.fasterxml.jackson.databind.ser.DefaultSerializerProvider$Impl.createInstance(DefaultSerializerProvider.java:645)
		at com.fasterxml.jackson.databind.ser.DefaultSerializerProvider$Impl.createInstance(DefaultSerializerProvider.java:619)
		at com.fasterxml.jackson.databind.ObjectMapper._serializerProvider(ObjectMapper.java:4920)
		at com.fasterxml.jackson.databind.ObjectMapper._writeValueAndClose(ObjectMapper.java:4938)
		at com.fasterxml.jackson.databind.ObjectMapper.writeValue(ObjectMapper.java:4129)
		at org.bookyourshows.core.DispatcherServlet.sendError(DispatcherServlet.java:113)
		at org.bookyourshows.core.DispatcherServlet.service(DispatcherServlet.java:80)
		at jakarta.servlet.http.HttpServlet.service(HttpServlet.java:658)
		at org.apache.catalina.core.ApplicationFilterChain.internalDoFilter(ApplicationFilterChain.java:193)
		at org.apache.catalina.core.ApplicationFilterChain.doFilter(ApplicationFilterChain.java:138)
		at org.apache.tomcat.websocket.server.WsFilter.doFilter(WsFilter.java:51)
		at org.apache.catalina.core.ApplicationFilterChain.internalDoFilter(ApplicationFilterChain.java:162)
		at org.apache.catalina.core.ApplicationFilterChain.doFilter(ApplicationFilterChain.java:138)
		at org.apache.catalina.core.StandardWrapperValve.invoke(StandardWrapperValve.java:165)
		at org.apache.catalina.core.StandardContextValve.invoke(StandardContextValve.java:88)
		at org.apache.catalina.authenticator.AuthenticatorBase.invoke(AuthenticatorBase.java:492)
		at org.apache.catalina.core.StandardHostValve.invoke(StandardHostValve.java:113)
		at org.apache.catalina.valves.ErrorReportValve.invoke(ErrorReportValve.java:83)
		at org.apache.catalina.valves.AbstractAccessLogValve.invoke(AbstractAccessLogValve.java:654)
		at org.apache.catalina.core.StandardEngineValve.invoke(StandardEngineValve.java:72)
		at org.apache.catalina.connector.CoyoteAdapter.service(CoyoteAdapter.java:342)
		at org.apache.coyote.http11.Http11Processor.service(Http11Processor.java:399)
		at org.apache.coyote.AbstractProcessorLight.process(AbstractProcessorLight.java:63)
		at org.apache.coyote.AbstractProtocol$ConnectionHandler.process(AbstractProtocol.java:903)
		at org.apache.tomcat.util.net.NioEndpoint$SocketProcessor.doRun(NioEndpoint.java:1775)
		at org.apache.tomcat.util.net.SocketProcessorBase.run(SocketProcessorBase.java:52)
		at org.apache.tomcat.util.threads.ThreadPoolExecutor.runWorker(ThreadPoolExecutor.java:973)
		at org.apache.tomcat.util.threads.ThreadPoolExecutor$Worker.run(ThreadPoolExecutor.java:491)
		at org.apache.tomcat.util.threads.TaskThread$WrappingRunnable.run(TaskThread.java:63)
		at java.base/java.lang.Thread.run(Thread.java:1474)
	Caused by: java.nio.file.NoSuchFileException: /Users/naveen-nts0470/devhub/bookyourshow/server/webapps/api/WEB-INF/lib/jackson-databind-2.21.1.jar
		at java.base/sun.nio.fs.UnixException.translateToIOException(UnixException.java:92)
		at java.base/sun.nio.fs.UnixException.rethrowAsIOException(UnixException.java:106)
		at java.base/sun.nio.fs.UnixException.rethrowAsIOException(UnixException.java:111)
		at java.base/sun.nio.fs.UnixFileAttributeViews$Basic.readAttributes(UnixFileAttributeViews.java:57)
		at java.base/sun.nio.fs.UnixFileSystemProvider.readAttributes(UnixFileSystemProvider.java:161)
		at java.base/java.nio.file.Files.readAttributes(Files.java:1702)
		at java.base/java.util.zip.ZipFile$Source.get(ZipFile.java:1493)
		at java.base/java.util.zip.ZipFile$CleanableResource.<init>(ZipFile.java:704)
		at java.base/java.util.zip.ZipFile.<init>(ZipFile.java:204)
		at java.base/java.util.zip.ZipFile.<init>(ZipFile.java:150)
		at java.base/java.util.jar.JarFile.<init>(JarFile.java:333)
		at org.apache.catalina.webresources.AbstractArchiveResourceSet.openJarFile(AbstractArchiveResourceSet.java:324)
		at org.apache.catalina.webresources.AbstractSingleArchiveResourceSet.getArchiveEntry(AbstractSingleArchiveResourceSet.java:96)
		... 50 more
